nohup: ignoring input
 * Serving Flask app 'app'
 * Debug mode: on
2025-05-27 18:43:11,486 - INFO - [31m[1mWARNING: This is a development server. Do not use it in a production deployment. Use a production WSGI server instead.[0m
 * Running on all addresses (0.0.0.0)
 * Running on http://127.0.0.1:5050
 * Running on http://10.2.0.5:5050
2025-05-27 18:43:11,486 - INFO - [33mPress CTRL+C to quit[0m
2025-05-27 18:43:11,488 - INFO -  * Restarting with stat
2025-05-27 18:43:12,097 - WARNING -  * Debugger is active!
2025-05-27 18:43:12,098 - INFO -  * Debugger PIN: 108-704-251
2025-05-27 18:44:01,056 - INFO - Running VQE with task ID: e6932729-c201-4253-b928-277352060b3c for sequence: YTDPET
2025-05-27 18:44:01,799 - INFO - Executing VQE command:

    source ~/miniconda3/etc/profile.d/conda.sh &&
    conda activate proteinfoldingvqe &&
    cd /home/texsols/QuantBio/algorithms/protein-folding &&
    python3 solution.py --sequence "YTDPET" --out_dir "/home/texsols/QuantBio/outputs/vqe_output/e6932729-c201-4253-b928-277352060b3c" > "/home/texsols/QuantBio/outputs/vqe_output/e6932729-c201-4253-b928-277352060b3c/e6932729-c201-4253-b928-277352060b3c.log" 2>&1
    
2025-05-27 18:44:29,481 - INFO - 127.0.0.1 - - [27/May/2025 18:44:29] "POST /vqe/predict HTTP/1.1" 200 -
2025-05-27 18:57:21,024 - INFO - Running VQE with task ID: f9b6f929-5c2f-47a3-938e-0b43267e8e19 for sequence: YTDPET
2025-05-27 18:57:21,025 - INFO - Executing VQE command:

    source ~/miniconda3/etc/profile.d/conda.sh &&
    conda activate proteinfoldingvqe &&
    cd /home/texsols/QuantBio/algorithms/protein-folding &&
    python3 solution.py --sequence "YTDPET" --out_dir "/home/texsols/QuantBio/outputs/vqe_output/f9b6f929-5c2f-47a3-938e-0b43267e8e19" > "/home/texsols/QuantBio/outputs/vqe_output/f9b6f929-5c2f-47a3-938e-0b43267e8e19/f9b6f929-5c2f-47a3-938e-0b43267e8e19.log" 2>&1
    
2025-05-27 18:57:32,402 - INFO - 127.0.0.1 - - [27/May/2025 18:57:32] "POST /vqe/predict HTTP/1.1" 200 -
